build/app/intermediates/manifest_merge_blame_file/release/manifest-merger-blame-release-report.txt
1<?xml version="1.0" encoding="utf-8"?>
2<manifest xmlns:android="http://schemas.android.com/apk/res/android"
3    package="com.example.cdgphbapp"
4    android:versionCode="1"
5    android:versionName="1.0.0" >
6
7    <uses-sdk
8        android:minSdkVersion="16"
8-->src/main/AndroidManifest.xml
9        android:targetSdkVersion="33" />
9-->src/main/AndroidManifest.xml
10
11    <uses-permission android:name="android.permission.INTERNET" />
11-->src/main/AndroidManifest.xml:2:5-66
11-->src/main/AndroidManifest.xml:2:22-64
12
13    <queries>
13-->src/main/AndroidManifest.xml:3:9-12:19
14        <intent>
14-->src/main/AndroidManifest.xml:4:13-7:22
15            <action android:name="android.intent.action.VIEW" />
15-->src/main/AndroidManifest.xml:5:17-69
15-->src/main/AndroidManifest.xml:5:25-66
16
17            <data android:scheme="host" />
17-->src/main/AndroidManifest.xml:6:17-47
17-->src/main/AndroidManifest.xml:6:23-44
18        </intent>
19        <intent>
19-->src/main/AndroidManifest.xml:8:13-11:22
20            <action android:name="android.intent.action.VIEW" />
20-->src/main/AndroidManifest.xml:5:17-69
20-->src/main/AndroidManifest.xml:5:25-66
21
22            <data android:scheme="web" />
22-->src/main/AndroidManifest.xml:6:17-47
22-->src/main/AndroidManifest.xml:6:23-44
23        </intent>
24    </queries>
25
26    <application
27        android:name="android.app.Application"
27-->src/main/AndroidManifest.xml:15:9-42
28        android:appComponentFactory="androidx.core.app.CoreComponentFactory"
28-->[androidx.core:core:1.6.0] AndroidManifest.xml:24:18-86
29        android:icon="@mipmap/ic_launcher"
29-->src/main/AndroidManifest.xml:16:9-43
30        android:label="cdgphbapp" >
30-->src/main/AndroidManifest.xml:14:9-34
31        <activity
31-->src/main/AndroidManifest.xml:18:9-39:20
32            android:name="com.example.cdgphbapp.MainActivity"
32-->src/main/AndroidManifest.xml:19:13-41
33            android:configChanges="orientation|keyboardHidden|keyboard|screenSize|smallestScreenSize|locale|layoutDirection|fontScale|screenLayout|density|uiMode"
33-->src/main/AndroidManifest.xml:23:13-163
34            android:exported="true"
34-->src/main/AndroidManifest.xml:20:13-36
35            android:hardwareAccelerated="true"
35-->src/main/AndroidManifest.xml:24:13-47
36            android:launchMode="singleTop"
36-->src/main/AndroidManifest.xml:21:13-43
37            android:theme="@style/LaunchTheme"
37-->src/main/AndroidManifest.xml:22:13-47
38            android:windowSoftInputMode="adjustResize" >
38-->src/main/AndroidManifest.xml:25:13-55
39
40            <!--
41                 Specifies an Android theme to apply to this Activity as soon as
42                 the Android process has started. This theme is visible to the user
43                 while the Flutter UI initializes. After that, this theme continues
44                 to determine the Window background behind the Flutter UI.
45            -->
46            <meta-data
46-->src/main/AndroidManifest.xml:30:13-33:17
47                android:name="io.flutter.embedding.android.NormalTheme"
47-->src/main/AndroidManifest.xml:31:15-70
48                android:resource="@style/NormalTheme" />
48-->src/main/AndroidManifest.xml:32:15-52
49
50            <intent-filter>
50-->src/main/AndroidManifest.xml:35:13-38:29
51                <action android:name="android.intent.action.MAIN" />
51-->src/main/AndroidManifest.xml:36:17-68
51-->src/main/AndroidManifest.xml:36:25-66
52
53                <category android:name="android.intent.category.LAUNCHER" />
53-->src/main/AndroidManifest.xml:37:17-76
53-->src/main/AndroidManifest.xml:37:27-74
54            </intent-filter>
55        </activity>
56        <!--
57             Don't delete the meta-data below.
58             This is used by the Flutter tool to generate GeneratedPluginRegistrant.java
59        -->
60        <meta-data
60-->src/main/AndroidManifest.xml:42:9-44:33
61            android:name="flutterEmbedding"
61-->src/main/AndroidManifest.xml:43:13-44
62            android:value="2" />
62-->src/main/AndroidManifest.xml:44:13-30
63
64        <service
64-->[:firebase_core] AndroidManifest.xml:10:9-14:19
65            android:name="com.google.firebase.components.ComponentDiscoveryService"
65-->[:firebase_core] AndroidManifest.xml:10:18-89
66            android:directBootAware="true"
66-->[com.google.firebase:firebase-common:20.3.3] AndroidManifest.xml:34:13-43
67            android:exported="false" >
67-->[com.google.firebase:firebase-common:20.3.3] AndroidManifest.xml:35:13-37
68            <meta-data
68-->[:firebase_core] AndroidManifest.xml:11:13-13:85
69                android:name="com.google.firebase.components:io.flutter.plugins.firebase.core.FlutterFirebaseCoreRegistrar"
69-->[:firebase_core] AndroidManifest.xml:12:17-124
70                android:value="com.google.firebase.components.ComponentRegistrar" />
70-->[:firebase_core] AndroidManifest.xml:13:17-82
71        </service>
72
73        <activity
73-->[:url_launcher_android] AndroidManifest.xml:10:9-13:74
74            android:name="io.flutter.plugins.urllauncher.WebViewActivity"
74-->[:url_launcher_android] AndroidManifest.xml:11:13-74
75            android:exported="false"
75-->[:url_launcher_android] AndroidManifest.xml:12:13-37
76            android:theme="@android:style/Theme.NoTitleBar.Fullscreen" />
76-->[:url_launcher_android] AndroidManifest.xml:13:13-71
77
78        <uses-library
78-->[androidx.window:window:1.0.0-beta04] AndroidManifest.xml:25:9-27:40
79            android:name="androidx.window.extensions"
79-->[androidx.window:window:1.0.0-beta04] AndroidManifest.xml:26:13-54
80            android:required="false" />
80-->[androidx.window:window:1.0.0-beta04] AndroidManifest.xml:27:13-37
81        <uses-library
81-->[androidx.window:window:1.0.0-beta04] AndroidManifest.xml:28:9-30:40
82            android:name="androidx.window.sidecar"
82-->[androidx.window:window:1.0.0-beta04] AndroidManifest.xml:29:13-51
83            android:required="false" />
83-->[androidx.window:window:1.0.0-beta04] AndroidManifest.xml:30:13-37
84
85        <provider
85-->[com.google.firebase:firebase-common:20.3.3] AndroidManifest.xml:25:9-30:39
86            android:name="com.google.firebase.provider.FirebaseInitProvider"
86-->[com.google.firebase:firebase-common:20.3.3] AndroidManifest.xml:26:13-77
87            android:authorities="com.example.cdgphbapp.firebaseinitprovider"
87-->[com.google.firebase:firebase-common:20.3.3] AndroidManifest.xml:27:13-72
88            android:directBootAware="true"
88-->[com.google.firebase:firebase-common:20.3.3] AndroidManifest.xml:28:13-43
89            android:exported="false"
89-->[com.google.firebase:firebase-common:20.3.3] AndroidManifest.xml:29:13-37
90            android:initOrder="100" />
90-->[com.google.firebase:firebase-common:20.3.3] AndroidManifest.xml:30:13-36
91
92        <meta-data
92-->[com.google.android.gms:play-services-basement:18.1.0] AndroidManifest.xml:21:9-23:69
93            android:name="com.google.android.gms.version"
93-->[com.google.android.gms:play-services-basement:18.1.0] AndroidManifest.xml:22:13-58
94            android:value="@integer/google_play_services_version" />
94-->[com.google.android.gms:play-services-basement:18.1.0] AndroidManifest.xml:23:13-66
95    </application>
96
97</manifest>